Terminals unused in grammar

    OPENBRACE
    CLOSEBRACE


Grammar

    0 $accept: program $end

    1 program: function_list

    2 function_list: function_list function_item
    3              | function_item

    4 function_item: function
    5              | main_function

    6 $@1: ε

    7 $@2: ε

    8 main_function: DEF MAIN_FUNC OPENPAREN $@1 parameter_list CLOSEPAREN $@2 COLON opt_var BEGIN_T stat_list END

    9 $@3: ε

   10 $@4: ε

   11 $@5: ε

   12 function: DEF ID OPENPAREN $@3 parameter_list CLOSEPAREN $@4 COLON returns_spec $@5 opt_var BEGIN_T stat_list END

   13 returns_spec: RETURNS type
   14             | ε

   15 parameter_list: ε
   16               | param_decl_list

   17 param_decl_list: param_decl
   18                | param_decl_list SEMICOLON param_decl

   19 $@6: ε

   20 param_decl: PAR $@6 type COLON ID

   21 type: INT
   22     | BOOL
   23     | CHAR
   24     | REAL
   25     | STRING
   26     | INTPTR
   27     | CHARPTR
   28     | REALPTR

   29 opt_var: ε
   30        | VAR var_decl_list

   31 var_decl_list: var_decl
   32              | var_decl_list var_decl

   33 $@7: ε

   34 var_decl: TYPE type COLON $@7 var_item_list SEMICOLON

   35 var_item_list: var_item
   36              | var_item_list COMMA var_item

   37 var_item: ID
   38         | ID COLON literal
   39         | ID OPENBRACKET DEC_LIT CLOSEBRACKET
   40         | ID OPENBRACKET DEC_LIT CLOSEBRACKET COLON STRING_LIT

   41 literal: DEC_LIT
   42        | B_TRUE
   43        | B_FALSE
   44        | CHAR_LIT
   45        | STRING_LIT
   46        | HEX_LIT
   47        | REAL_LIT
   48        | NULLL

   49 stat_list: ε
   50          | stat stat_list

   51 stat: function
   52     | if_stat
   53     | while_stat
   54     | for_stat
   55     | do_while_stat
   56     | block_stat
   57     | return_stat
   58     | call_stat

   59 call_stat: ID ASSIGNMENT CALL ID OPENPAREN expression_list CLOSEPAREN SEMICOLON
   60          | CALL ID OPENPAREN expression_list CLOSEPAREN SEMICOLON

   61 if_stat: IF expression COLON block_stat
   62        | IF expression COLON block_stat ELSE COLON block_stat
   63        | IF expression COLON block_stat ELIF expression COLON block_stat
   64        | IF expression COLON block_stat ELIF expression COLON block_stat ELSE COLON block_stat

   65 while_stat: WHILE expression COLON block_stat

   66 do_while_stat: DO COLON block_stat WHILE expression SEMICOLON

   67 for_stat: FOR for_header COLON block_stat

   68 for_header: OPENPAREN ID ASSIGNMENT expression SEMICOLON expression SEMICOLON update_exp CLOSEPAREN

   69 update_exp: ID ASSIGNMENT expression

   70 $@8: ε

   71 block_stat: $@8 opt_var BEGIN_T stat_list END
   72           | single_statement

   73 single_statement: assignment_stat

   74 assignment_stat: ID ASSIGNMENT expression SEMICOLON
   75                | MULTI ID ASSIGNMENT expression SEMICOLON
   76                | ID OPENBRACKET expression CLOSEBRACKET ASSIGNMENT expression SEMICOLON

   77 return_stat: RETURN expression SEMICOLON
   78            | RETURN SEMICOLON

   79 expression_list: ε
   80                | expression
   81                | expression COMMA expression_list

   82 expression: expression PLUS expression
   83           | expression MINUS expression
   84           | expression MULTI expression
   85           | expression DIV expression
   86           | expression AND expression
   87           | expression OR expression
   88           | expression EQL expression
   89           | expression NOT_EQL expression
   90           | expression GREATER expression
   91           | expression GREATER_EQL expression
   92           | expression LESS expression
   93           | expression LESS_EQL expression
   94           | NOT expression
   95           | MINUS expression
   96           | ADDRESS ID
   97           | ADDRESS ID OPENBRACKET expression CLOSEBRACKET
   98           | MULTI expression
   99           | LENGTH ID LENGTH
  100           | OPENPAREN expression CLOSEPAREN
  101           | ID
  102           | ID OPENBRACKET expression CLOSEBRACKET
  103           | literal


Terminals, with rules where they appear

    $end (0) 0
    error (256)
    BOOL <str> (258) 22
    CHAR <str> (259) 23
    INT <str> (260) 21
    REAL <str> (261) 24
    STRING <str> (262) 25
    INTPTR <str> (263) 26
    CHARPTR <str> (264) 27
    REALPTR <str> (265) 28
    TYPE <str> (266) 34
    IF <str> (267) 61 62 63 64
    ELIF <str> (268) 63 64
    ELSE <str> (269) 62 64
    WHILE <str> (270) 65 66
    FOR <str> (271) 67
    VAR <str> (272) 30
    PAR <str> (273) 20
    RETURN <str> (274) 77 78
    NULLL <str> (275) 48
    DO <str> (276) 66
    RETURNS <str> (277) 13
    BEGIN_T <str> (278) 8 12 71
    END <str> (279) 8 12 71
    DEF <str> (280) 8 12
    CALL <str> (281) 59 60
    AND <str> (282) 86
    NOT <str> (283) 94
    OR <str> (284) 87
    DIV <str> (285) 85
    ASSIGNMENT <str> (286) 59 68 69 74 75 76
    EQL <str> (287) 88
    GREATER <str> (288) 90
    GREATER_EQL <str> (289) 91
    LESS <str> (290) 92
    LESS_EQL <str> (291) 93
    MINUS <str> (292) 83 95
    NOT_EQL <str> (293) 89
    PLUS <str> (294) 82
    MULTI <str> (295) 75 84 98
    ADDRESS <str> (296) 96 97
    LENGTH <str> (297) 99
    SEMICOLON <str> (298) 18 34 59 60 66 68 74 75 76 77 78
    COLON <str> (299) 8 12 20 34 38 40 61 62 63 64 65 66 67
    COMMA <str> (300) 36 81
    OPENBRACE <str> (301)
    CLOSEBRACE <str> (302)
    OPENPAREN <str> (303) 8 12 59 60 68 100
    CLOSEPAREN <str> (304) 8 12 59 60 68 100
    OPENBRACKET <str> (305) 39 40 76 97 102
    CLOSEBRACKET <str> (306) 39 40 76 97 102
    B_TRUE <str> (307) 42
    B_FALSE <str> (308) 43
    CHAR_LIT <str> (309) 44
    STRING_LIT <str> (310) 40 45
    DEC_LIT <str> (311) 39 40 41
    HEX_LIT <str> (312) 46
    REAL_LIT <str> (313) 47
    ID <str> (314) 12 20 37 38 39 40 59 60 68 69 74 75 76 96 97 99 101 102
    MAIN_FUNC <str> (315) 8


Nonterminals, with rules where they appear

    $accept (61)
        on left: 0
    program <node> (62)
        on left: 1
        on right: 0
    function_list <node> (63)
        on left: 2 3
        on right: 1 2
    function_item <node> (64)
        on left: 4 5
        on right: 2 3
    main_function <node> (65)
        on left: 8
        on right: 5
    $@1 (66)
        on left: 6
        on right: 8
    $@2 (67)
        on left: 7
        on right: 8
    function <node> (68)
        on left: 12
        on right: 4 51
    $@3 (69)
        on left: 9
        on right: 12
    $@4 (70)
        on left: 10
        on right: 12
    $@5 (71)
        on left: 11
        on right: 12
    returns_spec <node> (72)
        on left: 13 14
        on right: 12
    parameter_list <node> (73)
        on left: 15 16
        on right: 8 12
    param_decl_list <node> (74)
        on left: 17 18
        on right: 16 18
    param_decl <node> (75)
        on left: 20
        on right: 17 18
    $@6 (76)
        on left: 19
        on right: 20
    type <node> (77)
        on left: 21 22 23 24 25 26 27 28
        on right: 13 20 34
    opt_var <node> (78)
        on left: 29 30
        on right: 8 12 71
    var_decl_list <node> (79)
        on left: 31 32
        on right: 30 32
    var_decl <node> (80)
        on left: 34
        on right: 31 32
    $@7 (81)
        on left: 33
        on right: 34
    var_item_list <node> (82)
        on left: 35 36
        on right: 34 36
    var_item <node> (83)
        on left: 37 38 39 40
        on right: 35 36
    literal <node> (84)
        on left: 41 42 43 44 45 46 47 48
        on right: 38 103
    stat_list <node> (85)
        on left: 49 50
        on right: 8 12 50 71
    stat <node> (86)
        on left: 51 52 53 54 55 56 57 58
        on right: 50
    call_stat <node> (87)
        on left: 59 60
        on right: 58
    if_stat <node> (88)
        on left: 61 62 63 64
        on right: 52
    while_stat <node> (89)
        on left: 65
        on right: 53
    do_while_stat <node> (90)
        on left: 66
        on right: 55
    for_stat <node> (91)
        on left: 67
        on right: 54
    for_header <node> (92)
        on left: 68
        on right: 67
    update_exp <node> (93)
        on left: 69
        on right: 68
    block_stat <node> (94)
        on left: 71 72
        on right: 56 61 62 63 64 65 66 67
    $@8 (95)
        on left: 70
        on right: 71
    single_statement <node> (96)
        on left: 73
        on right: 72
    assignment_stat <node> (97)
        on left: 74 75 76
        on right: 73
    return_stat <node> (98)
        on left: 77 78
        on right: 57
    expression_list <node> (99)
        on left: 79 80 81
        on right: 59 60 81
    expression <node> (100)
        on left: 82 83 84 85 86 87 88 89 90 91 92 93 94 95 96 97 98 99 100 101 102 103
        on right: 61 62 63 64 65 66 68 69 74 75 76 77 80 81 82 83 84 85 86 87 88 89 90 91 92 93 94 95 97 98 100 102


State 0

    0 $accept: • program $end

    DEF  shift, and go to state 1

    program        go to state 2
    function_list  go to state 3
    function_item  go to state 4
    main_function  go to state 5
    function       go to state 6


State 1

    8 main_function: DEF • MAIN_FUNC OPENPAREN $@1 parameter_list CLOSEPAREN $@2 COLON opt_var BEGIN_T stat_list END
   12 function: DEF • ID OPENPAREN $@3 parameter_list CLOSEPAREN $@4 COLON returns_spec $@5 opt_var BEGIN_T stat_list END

    ID         shift, and go to state 7
    MAIN_FUNC  shift, and go to state 8


State 2

    0 $accept: program • $end

    $end  shift, and go to state 9


State 3

    1 program: function_list •
    2 function_list: function_list • function_item

    DEF  shift, and go to state 1

    $default  reduce using rule 1 (program)

    function_item  go to state 10
    main_function  go to state 5
    function       go to state 6


State 4

    3 function_list: function_item •

    $default  reduce using rule 3 (function_list)


State 5

    5 function_item: main_function •

    $default  reduce using rule 5 (function_item)


State 6

    4 function_item: function •

    $default  reduce using rule 4 (function_item)


State 7

   12 function: DEF ID • OPENPAREN $@3 parameter_list CLOSEPAREN $@4 COLON returns_spec $@5 opt_var BEGIN_T stat_list END

    OPENPAREN  shift, and go to state 11


State 8

    8 main_function: DEF MAIN_FUNC • OPENPAREN $@1 parameter_list CLOSEPAREN $@2 COLON opt_var BEGIN_T stat_list END

    OPENPAREN  shift, and go to state 12


State 9

    0 $accept: program $end •

    $default  accept


State 10

    2 function_list: function_list function_item •

    $default  reduce using rule 2 (function_list)


State 11

   12 function: DEF ID OPENPAREN • $@3 parameter_list CLOSEPAREN $@4 COLON returns_spec $@5 opt_var BEGIN_T stat_list END

    $default  reduce using rule 9 ($@3)

    $@3  go to state 13


State 12

    8 main_function: DEF MAIN_FUNC OPENPAREN • $@1 parameter_list CLOSEPAREN $@2 COLON opt_var BEGIN_T stat_list END

    $default  reduce using rule 6 ($@1)

    $@1  go to state 14


State 13

   12 function: DEF ID OPENPAREN $@3 • parameter_list CLOSEPAREN $@4 COLON returns_spec $@5 opt_var BEGIN_T stat_list END

    PAR  shift, and go to state 15

    $default  reduce using rule 15 (parameter_list)

    parameter_list   go to state 16
    param_decl_list  go to state 17
    param_decl       go to state 18


State 14

    8 main_function: DEF MAIN_FUNC OPENPAREN $@1 • parameter_list CLOSEPAREN $@2 COLON opt_var BEGIN_T stat_list END

    PAR  shift, and go to state 15

    $default  reduce using rule 15 (parameter_list)

    parameter_list   go to state 19
    param_decl_list  go to state 17
    param_decl       go to state 18


State 15

   20 param_decl: PAR • $@6 type COLON ID

    $default  reduce using rule 19 ($@6)

    $@6  go to state 20


State 16

   12 function: DEF ID OPENPAREN $@3 parameter_list • CLOSEPAREN $@4 COLON returns_spec $@5 opt_var BEGIN_T stat_list END

    CLOSEPAREN  shift, and go to state 21


State 17

   16 parameter_list: param_decl_list •
   18 param_decl_list: param_decl_list • SEMICOLON param_decl

    SEMICOLON  shift, and go to state 22

    $default  reduce using rule 16 (parameter_list)


State 18

   17 param_decl_list: param_decl •

    $default  reduce using rule 17 (param_decl_list)


State 19

    8 main_function: DEF MAIN_FUNC OPENPAREN $@1 parameter_list • CLOSEPAREN $@2 COLON opt_var BEGIN_T stat_list END

    CLOSEPAREN  shift, and go to state 23


State 20

   20 param_decl: PAR $@6 • type COLON ID

    BOOL     shift, and go to state 24
    CHAR     shift, and go to state 25
    INT      shift, and go to state 26
    REAL     shift, and go to state 27
    STRING   shift, and go to state 28
    INTPTR   shift, and go to state 29
    CHARPTR  shift, and go to state 30
    REALPTR  shift, and go to state 31

    type  go to state 32


State 21

   12 function: DEF ID OPENPAREN $@3 parameter_list CLOSEPAREN • $@4 COLON returns_spec $@5 opt_var BEGIN_T stat_list END

    $default  reduce using rule 10 ($@4)

    $@4  go to state 33


State 22

   18 param_decl_list: param_decl_list SEMICOLON • param_decl

    PAR  shift, and go to state 15

    param_decl  go to state 34


State 23

    8 main_function: DEF MAIN_FUNC OPENPAREN $@1 parameter_list CLOSEPAREN • $@2 COLON opt_var BEGIN_T stat_list END

    $default  reduce using rule 7 ($@2)

    $@2  go to state 35


State 24

   22 type: BOOL •

    $default  reduce using rule 22 (type)


State 25

   23 type: CHAR •

    $default  reduce using rule 23 (type)


State 26

   21 type: INT •

    $default  reduce using rule 21 (type)


State 27

   24 type: REAL •

    $default  reduce using rule 24 (type)


State 28

   25 type: STRING •

    $default  reduce using rule 25 (type)


State 29

   26 type: INTPTR •

    $default  reduce using rule 26 (type)


State 30

   27 type: CHARPTR •

    $default  reduce using rule 27 (type)


State 31

   28 type: REALPTR •

    $default  reduce using rule 28 (type)


State 32

   20 param_decl: PAR $@6 type • COLON ID

    COLON  shift, and go to state 36


State 33

   12 function: DEF ID OPENPAREN $@3 parameter_list CLOSEPAREN $@4 • COLON returns_spec $@5 opt_var BEGIN_T stat_list END

    COLON  shift, and go to state 37


State 34

   18 param_decl_list: param_decl_list SEMICOLON param_decl •

    $default  reduce using rule 18 (param_decl_list)


State 35

    8 main_function: DEF MAIN_FUNC OPENPAREN $@1 parameter_list CLOSEPAREN $@2 • COLON opt_var BEGIN_T stat_list END

    COLON  shift, and go to state 38


State 36

   20 param_decl: PAR $@6 type COLON • ID

    ID  shift, and go to state 39


State 37

   12 function: DEF ID OPENPAREN $@3 parameter_list CLOSEPAREN $@4 COLON • returns_spec $@5 opt_var BEGIN_T stat_list END

    RETURNS  shift, and go to state 40

    $default  reduce using rule 14 (returns_spec)

    returns_spec  go to state 41


State 38

    8 main_function: DEF MAIN_FUNC OPENPAREN $@1 parameter_list CLOSEPAREN $@2 COLON • opt_var BEGIN_T stat_list END

    VAR  shift, and go to state 42

    $default  reduce using rule 29 (opt_var)

    opt_var  go to state 43


State 39

   20 param_decl: PAR $@6 type COLON ID •

    $default  reduce using rule 20 (param_decl)


State 40

   13 returns_spec: RETURNS • type

    BOOL     shift, and go to state 24
    CHAR     shift, and go to state 25
    INT      shift, and go to state 26
    REAL     shift, and go to state 27
    STRING   shift, and go to state 28
    INTPTR   shift, and go to state 29
    CHARPTR  shift, and go to state 30
    REALPTR  shift, and go to state 31

    type  go to state 44


State 41

   12 function: DEF ID OPENPAREN $@3 parameter_list CLOSEPAREN $@4 COLON returns_spec • $@5 opt_var BEGIN_T stat_list END

    $default  reduce using rule 11 ($@5)

    $@5  go to state 45


State 42

   30 opt_var: VAR • var_decl_list

    TYPE  shift, and go to state 46

    var_decl_list  go to state 47
    var_decl       go to state 48


State 43

    8 main_function: DEF MAIN_FUNC OPENPAREN $@1 parameter_list CLOSEPAREN $@2 COLON opt_var • BEGIN_T stat_list END

    BEGIN_T  shift, and go to state 49


State 44

   13 returns_spec: RETURNS type •

    $default  reduce using rule 13 (returns_spec)


State 45

   12 function: DEF ID OPENPAREN $@3 parameter_list CLOSEPAREN $@4 COLON returns_spec $@5 • opt_var BEGIN_T stat_list END

    VAR  shift, and go to state 42

    $default  reduce using rule 29 (opt_var)

    opt_var  go to state 50


State 46

   34 var_decl: TYPE • type COLON $@7 var_item_list SEMICOLON

    BOOL     shift, and go to state 24
    CHAR     shift, and go to state 25
    INT      shift, and go to state 26
    REAL     shift, and go to state 27
    STRING   shift, and go to state 28
    INTPTR   shift, and go to state 29
    CHARPTR  shift, and go to state 30
    REALPTR  shift, and go to state 31

    type  go to state 51


State 47

   30 opt_var: VAR var_decl_list •
   32 var_decl_list: var_decl_list • var_decl

    TYPE  shift, and go to state 46

    $default  reduce using rule 30 (opt_var)

    var_decl  go to state 52


State 48

   31 var_decl_list: var_decl •

    $default  reduce using rule 31 (var_decl_list)


State 49

    8 main_function: DEF MAIN_FUNC OPENPAREN $@1 parameter_list CLOSEPAREN $@2 COLON opt_var BEGIN_T • stat_list END

    IF      shift, and go to state 53
    WHILE   shift, and go to state 54
    FOR     shift, and go to state 55
    RETURN  shift, and go to state 56
    DO      shift, and go to state 57
    DEF     shift, and go to state 58
    CALL    shift, and go to state 59
    MULTI   shift, and go to state 60
    ID      shift, and go to state 61

    END       reduce using rule 49 (stat_list)
    $default  reduce using rule 70 ($@8)

    function          go to state 62
    stat_list         go to state 63
    stat              go to state 64
    call_stat         go to state 65
    if_stat           go to state 66
    while_stat        go to state 67
    do_while_stat     go to state 68
    for_stat          go to state 69
    block_stat        go to state 70
    $@8               go to state 71
    single_statement  go to state 72
    assignment_stat   go to state 73
    return_stat       go to state 74


State 50

   12 function: DEF ID OPENPAREN $@3 parameter_list CLOSEPAREN $@4 COLON returns_spec $@5 opt_var • BEGIN_T stat_list END

    BEGIN_T  shift, and go to state 75


State 51

   34 var_decl: TYPE type • COLON $@7 var_item_list SEMICOLON

    COLON  shift, and go to state 76


State 52

   32 var_decl_list: var_decl_list var_decl •

    $default  reduce using rule 32 (var_decl_list)


State 53

   61 if_stat: IF • expression COLON block_stat
   62        | IF • expression COLON block_stat ELSE COLON block_stat
   63        | IF • expression COLON block_stat ELIF expression COLON block_stat
   64        | IF • expression COLON block_stat ELIF expression COLON block_stat ELSE COLON block_stat

    NULLL       shift, and go to state 77
    NOT         shift, and go to state 78
    MINUS       shift, and go to state 79
    MULTI       shift, and go to state 80
    ADDRESS     shift, and go to state 81
    LENGTH      shift, and go to state 82
    OPENPAREN   shift, and go to state 83
    B_TRUE      shift, and go to state 84
    B_FALSE     shift, and go to state 85
    CHAR_LIT    shift, and go to state 86
    STRING_LIT  shift, and go to state 87
    DEC_LIT     shift, and go to state 88
    HEX_LIT     shift, and go to state 89
    REAL_LIT    shift, and go to state 90
    ID          shift, and go to state 91

    literal     go to state 92
    expression  go to state 93


State 54

   65 while_stat: WHILE • expression COLON block_stat

    NULLL       shift, and go to state 77
    NOT         shift, and go to state 78
    MINUS       shift, and go to state 79
    MULTI       shift, and go to state 80
    ADDRESS     shift, and go to state 81
    LENGTH      shift, and go to state 82
    OPENPAREN   shift, and go to state 83
    B_TRUE      shift, and go to state 84
    B_FALSE     shift, and go to state 85
    CHAR_LIT    shift, and go to state 86
    STRING_LIT  shift, and go to state 87
    DEC_LIT     shift, and go to state 88
    HEX_LIT     shift, and go to state 89
    REAL_LIT    shift, and go to state 90
    ID          shift, and go to state 91

    literal     go to state 92
    expression  go to state 94


State 55

   67 for_stat: FOR • for_header COLON block_stat

    OPENPAREN  shift, and go to state 95

    for_header  go to state 96


State 56

   77 return_stat: RETURN • expression SEMICOLON
   78            | RETURN • SEMICOLON

    NULLL       shift, and go to state 77
    NOT         shift, and go to state 78
    MINUS       shift, and go to state 79
    MULTI       shift, and go to state 80
    ADDRESS     shift, and go to state 81
    LENGTH      shift, and go to state 82
    SEMICOLON   shift, and go to state 97
    OPENPAREN   shift, and go to state 83
    B_TRUE      shift, and go to state 84
    B_FALSE     shift, and go to state 85
    CHAR_LIT    shift, and go to state 86
    STRING_LIT  shift, and go to state 87
    DEC_LIT     shift, and go to state 88
    HEX_LIT     shift, and go to state 89
    REAL_LIT    shift, and go to state 90
    ID          shift, and go to state 91

    literal     go to state 92
    expression  go to state 98


State 57

   66 do_while_stat: DO • COLON block_stat WHILE expression SEMICOLON

    COLON  shift, and go to state 99


State 58

   12 function: DEF • ID OPENPAREN $@3 parameter_list CLOSEPAREN $@4 COLON returns_spec $@5 opt_var BEGIN_T stat_list END

    ID  shift, and go to state 7


State 59

   60 call_stat: CALL • ID OPENPAREN expression_list CLOSEPAREN SEMICOLON

    ID  shift, and go to state 100


State 60

   75 assignment_stat: MULTI • ID ASSIGNMENT expression SEMICOLON

    ID  shift, and go to state 101


State 61

   59 call_stat: ID • ASSIGNMENT CALL ID OPENPAREN expression_list CLOSEPAREN SEMICOLON
   74 assignment_stat: ID • ASSIGNMENT expression SEMICOLON
   76                | ID • OPENBRACKET expression CLOSEBRACKET ASSIGNMENT expression SEMICOLON

    ASSIGNMENT   shift, and go to state 102
    OPENBRACKET  shift, and go to state 103


State 62

   51 stat: function •

    $default  reduce using rule 51 (stat)


State 63

    8 main_function: DEF MAIN_FUNC OPENPAREN $@1 parameter_list CLOSEPAREN $@2 COLON opt_var BEGIN_T stat_list • END

    END  shift, and go to state 104


State 64

   50 stat_list: stat • stat_list

    IF      shift, and go to state 53
    WHILE   shift, and go to state 54
    FOR     shift, and go to state 55
    RETURN  shift, and go to state 56
    DO      shift, and go to state 57
    DEF     shift, and go to state 58
    CALL    shift, and go to state 59
    MULTI   shift, and go to state 60
    ID      shift, and go to state 61

    END       reduce using rule 49 (stat_list)
    $default  reduce using rule 70 ($@8)

    function          go to state 62
    stat_list         go to state 105
    stat              go to state 64
    call_stat         go to state 65
    if_stat           go to state 66
    while_stat        go to state 67
    do_while_stat     go to state 68
    for_stat          go to state 69
    block_stat        go to state 70
    $@8               go to state 71
    single_statement  go to state 72
    assignment_stat   go to state 73
    return_stat       go to state 74


State 65

   58 stat: call_stat •

    $default  reduce using rule 58 (stat)


State 66

   52 stat: if_stat •

    $default  reduce using rule 52 (stat)


State 67

   53 stat: while_stat •

    $default  reduce using rule 53 (stat)


State 68

   55 stat: do_while_stat •

    $default  reduce using rule 55 (stat)


State 69

   54 stat: for_stat •

    $default  reduce using rule 54 (stat)


State 70

   56 stat: block_stat •

    $default  reduce using rule 56 (stat)


State 71

   71 block_stat: $@8 • opt_var BEGIN_T stat_list END

    VAR  shift, and go to state 42

    $default  reduce using rule 29 (opt_var)

    opt_var  go to state 106


State 72

   72 block_stat: single_statement •

    $default  reduce using rule 72 (block_stat)


State 73

   73 single_statement: assignment_stat •

    $default  reduce using rule 73 (single_statement)


State 74

   57 stat: return_stat •

    $default  reduce using rule 57 (stat)


State 75

   12 function: DEF ID OPENPAREN $@3 parameter_list CLOSEPAREN $@4 COLON returns_spec $@5 opt_var BEGIN_T • stat_list END

    IF      shift, and go to state 53
    WHILE   shift, and go to state 54
    FOR     shift, and go to state 55
    RETURN  shift, and go to state 56
    DO      shift, and go to state 57
    DEF     shift, and go to state 58
    CALL    shift, and go to state 59
    MULTI   shift, and go to state 60
    ID      shift, and go to state 61

    END       reduce using rule 49 (stat_list)
    $default  reduce using rule 70 ($@8)

    function          go to state 62
    stat_list         go to state 107
    stat              go to state 64
    call_stat         go to state 65
    if_stat           go to state 66
    while_stat        go to state 67
    do_while_stat     go to state 68
    for_stat          go to state 69
    block_stat        go to state 70
    $@8               go to state 71
    single_statement  go to state 72
    assignment_stat   go to state 73
    return_stat       go to state 74


State 76

   34 var_decl: TYPE type COLON • $@7 var_item_list SEMICOLON

    $default  reduce using rule 33 ($@7)

    $@7  go to state 108


State 77

   48 literal: NULLL •

    $default  reduce using rule 48 (literal)


State 78

   94 expression: NOT • expression

    NULLL       shift, and go to state 77
    NOT         shift, and go to state 78
    MINUS       shift, and go to state 79
    MULTI       shift, and go to state 80
    ADDRESS     shift, and go to state 81
    LENGTH      shift, and go to state 82
    OPENPAREN   shift, and go to state 83
    B_TRUE      shift, and go to state 84
    B_FALSE     shift, and go to state 85
    CHAR_LIT    shift, and go to state 86
    STRING_LIT  shift, and go to state 87
    DEC_LIT     shift, and go to state 88
    HEX_LIT     shift, and go to state 89
    REAL_LIT    shift, and go to state 90
    ID          shift, and go to state 91

    literal     go to state 92
    expression  go to state 109


State 79

   95 expression: MINUS • expression

    NULLL       shift, and go to state 77
    NOT         shift, and go to state 78
    MINUS       shift, and go to state 79
    MULTI       shift, and go to state 80
    ADDRESS     shift, and go to state 81
    LENGTH      shift, and go to state 82
    OPENPAREN   shift, and go to state 83
    B_TRUE      shift, and go to state 84
    B_FALSE     shift, and go to state 85
    CHAR_LIT    shift, and go to state 86
    STRING_LIT  shift, and go to state 87
    DEC_LIT     shift, and go to state 88
    HEX_LIT     shift, and go to state 89
    REAL_LIT    shift, and go to state 90
    ID          shift, and go to state 91

    literal     go to state 92
    expression  go to state 110


State 80

   98 expression: MULTI • expression

    NULLL       shift, and go to state 77
    NOT         shift, and go to state 78
    MINUS       shift, and go to state 79
    MULTI       shift, and go to state 80
    ADDRESS     shift, and go to state 81
    LENGTH      shift, and go to state 82
    OPENPAREN   shift, and go to state 83
    B_TRUE      shift, and go to state 84
    B_FALSE     shift, and go to state 85
    CHAR_LIT    shift, and go to state 86
    STRING_LIT  shift, and go to state 87
    DEC_LIT     shift, and go to state 88
    HEX_LIT     shift, and go to state 89
    REAL_LIT    shift, and go to state 90
    ID          shift, and go to state 91

    literal     go to state 92
    expression  go to state 111


State 81

   96 expression: ADDRESS • ID
   97           | ADDRESS • ID OPENBRACKET expression CLOSEBRACKET

    ID  shift, and go to state 112


State 82

   99 expression: LENGTH • ID LENGTH

    ID  shift, and go to state 113


State 83

  100 expression: OPENPAREN • expression CLOSEPAREN

    NULLL       shift, and go to state 77
    NOT         shift, and go to state 78
    MINUS       shift, and go to state 79
    MULTI       shift, and go to state 80
    ADDRESS     shift, and go to state 81
    LENGTH      shift, and go to state 82
    OPENPAREN   shift, and go to state 83
    B_TRUE      shift, and go to state 84
    B_FALSE     shift, and go to state 85
    CHAR_LIT    shift, and go to state 86
    STRING_LIT  shift, and go to state 87
    DEC_LIT     shift, and go to state 88
    HEX_LIT     shift, and go to state 89
    REAL_LIT    shift, and go to state 90
    ID          shift, and go to state 91

    literal     go to state 92
    expression  go to state 114


State 84

   42 literal: B_TRUE •

    $default  reduce using rule 42 (literal)


State 85

   43 literal: B_FALSE •

    $default  reduce using rule 43 (literal)


State 86

   44 literal: CHAR_LIT •

    $default  reduce using rule 44 (literal)


State 87

   45 literal: STRING_LIT •

    $default  reduce using rule 45 (literal)


State 88

   41 literal: DEC_LIT •

    $default  reduce using rule 41 (literal)


State 89

   46 literal: HEX_LIT •

    $default  reduce using rule 46 (literal)


State 90

   47 literal: REAL_LIT •

    $default  reduce using rule 47 (literal)


State 91

  101 expression: ID •
  102           | ID • OPENBRACKET expression CLOSEBRACKET

    OPENBRACKET  shift, and go to state 115

    $default  reduce using rule 101 (expression)


State 92

  103 expression: literal •

    $default  reduce using rule 103 (expression)


State 93

   61 if_stat: IF expression • COLON block_stat
   62        | IF expression • COLON block_stat ELSE COLON block_stat
   63        | IF expression • COLON block_stat ELIF expression COLON block_stat
   64        | IF expression • COLON block_stat ELIF expression COLON block_stat ELSE COLON block_stat
   82 expression: expression • PLUS expression
   83           | expression • MINUS expression
   84           | expression • MULTI expression
   85           | expression • DIV expression
   86           | expression • AND expression
   87           | expression • OR expression
   88           | expression • EQL expression
   89           | expression • NOT_EQL expression
   90           | expression • GREATER expression
   91           | expression • GREATER_EQL expression
   92           | expression • LESS expression
   93           | expression • LESS_EQL expression

    AND          shift, and go to state 116
    OR           shift, and go to state 117
    DIV          shift, and go to state 118
    EQL          shift, and go to state 119
    GREATER      shift, and go to state 120
    GREATER_EQL  shift, and go to state 121
    LESS         shift, and go to state 122
    LESS_EQL     shift, and go to state 123
    MINUS        shift, and go to state 124
    NOT_EQL      shift, and go to state 125
    PLUS         shift, and go to state 126
    MULTI        shift, and go to state 127
    COLON        shift, and go to state 128


State 94

   65 while_stat: WHILE expression • COLON block_stat
   82 expression: expression • PLUS expression
   83           | expression • MINUS expression
   84           | expression • MULTI expression
   85           | expression • DIV expression
   86           | expression • AND expression
   87           | expression • OR expression
   88           | expression • EQL expression
   89           | expression • NOT_EQL expression
   90           | expression • GREATER expression
   91           | expression • GREATER_EQL expression
   92           | expression • LESS expression
   93           | expression • LESS_EQL expression

    AND          shift, and go to state 116
    OR           shift, and go to state 117
    DIV          shift, and go to state 118
    EQL          shift, and go to state 119
    GREATER      shift, and go to state 120
    GREATER_EQL  shift, and go to state 121
    LESS         shift, and go to state 122
    LESS_EQL     shift, and go to state 123
    MINUS        shift, and go to state 124
    NOT_EQL      shift, and go to state 125
    PLUS         shift, and go to state 126
    MULTI        shift, and go to state 127
    COLON        shift, and go to state 129


State 95

   68 for_header: OPENPAREN • ID ASSIGNMENT expression SEMICOLON expression SEMICOLON update_exp CLOSEPAREN

    ID  shift, and go to state 130


State 96

   67 for_stat: FOR for_header • COLON block_stat

    COLON  shift, and go to state 131


State 97

   78 return_stat: RETURN SEMICOLON •

    $default  reduce using rule 78 (return_stat)


State 98

   77 return_stat: RETURN expression • SEMICOLON
   82 expression: expression • PLUS expression
   83           | expression • MINUS expression
   84           | expression • MULTI expression
   85           | expression • DIV expression
   86           | expression • AND expression
   87           | expression • OR expression
   88           | expression • EQL expression
   89           | expression • NOT_EQL expression
   90           | expression • GREATER expression
   91           | expression • GREATER_EQL expression
   92           | expression • LESS expression
   93           | expression • LESS_EQL expression

    AND          shift, and go to state 116
    OR           shift, and go to state 117
    DIV          shift, and go to state 118
    EQL          shift, and go to state 119
    GREATER      shift, and go to state 120
    GREATER_EQL  shift, and go to state 121
    LESS         shift, and go to state 122
    LESS_EQL     shift, and go to state 123
    MINUS        shift, and go to state 124
    NOT_EQL      shift, and go to state 125
    PLUS         shift, and go to state 126
    MULTI        shift, and go to state 127
    SEMICOLON    shift, and go to state 132


State 99

   66 do_while_stat: DO COLON • block_stat WHILE expression SEMICOLON

    MULTI  shift, and go to state 60
    ID     shift, and go to state 133

    $default  reduce using rule 70 ($@8)

    block_stat        go to state 134
    $@8               go to state 71
    single_statement  go to state 72
    assignment_stat   go to state 73


State 100

   60 call_stat: CALL ID • OPENPAREN expression_list CLOSEPAREN SEMICOLON

    OPENPAREN  shift, and go to state 135


State 101

   75 assignment_stat: MULTI ID • ASSIGNMENT expression SEMICOLON

    ASSIGNMENT  shift, and go to state 136


State 102

   59 call_stat: ID ASSIGNMENT • CALL ID OPENPAREN expression_list CLOSEPAREN SEMICOLON
   74 assignment_stat: ID ASSIGNMENT • expression SEMICOLON

    NULLL       shift, and go to state 77
    CALL        shift, and go to state 137
    NOT         shift, and go to state 78
    MINUS       shift, and go to state 79
    MULTI       shift, and go to state 80
    ADDRESS     shift, and go to state 81
    LENGTH      shift, and go to state 82
    OPENPAREN   shift, and go to state 83
    B_TRUE      shift, and go to state 84
    B_FALSE     shift, and go to state 85
    CHAR_LIT    shift, and go to state 86
    STRING_LIT  shift, and go to state 87
    DEC_LIT     shift, and go to state 88
    HEX_LIT     shift, and go to state 89
    REAL_LIT    shift, and go to state 90
    ID          shift, and go to state 91

    literal     go to state 92
    expression  go to state 138


State 103

   76 assignment_stat: ID OPENBRACKET • expression CLOSEBRACKET ASSIGNMENT expression SEMICOLON

    NULLL       shift, and go to state 77
    NOT         shift, and go to state 78
    MINUS       shift, and go to state 79
    MULTI       shift, and go to state 80
    ADDRESS     shift, and go to state 81
    LENGTH      shift, and go to state 82
    OPENPAREN   shift, and go to state 83
    B_TRUE      shift, and go to state 84
    B_FALSE     shift, and go to state 85
    CHAR_LIT    shift, and go to state 86
    STRING_LIT  shift, and go to state 87
    DEC_LIT     shift, and go to state 88
    HEX_LIT     shift, and go to state 89
    REAL_LIT    shift, and go to state 90
    ID          shift, and go to state 91

    literal     go to state 92
    expression  go to state 139


State 104

    8 main_function: DEF MAIN_FUNC OPENPAREN $@1 parameter_list CLOSEPAREN $@2 COLON opt_var BEGIN_T stat_list END •

    $default  reduce using rule 8 (main_function)


State 105

   50 stat_list: stat stat_list •

    $default  reduce using rule 50 (stat_list)


State 106

   71 block_stat: $@8 opt_var • BEGIN_T stat_list END

    BEGIN_T  shift, and go to state 140


State 107

   12 function: DEF ID OPENPAREN $@3 parameter_list CLOSEPAREN $@4 COLON returns_spec $@5 opt_var BEGIN_T stat_list • END

    END  shift, and go to state 141


State 108

   34 var_decl: TYPE type COLON $@7 • var_item_list SEMICOLON

    ID  shift, and go to state 142

    var_item_list  go to state 143
    var_item       go to state 144


State 109

   82 expression: expression • PLUS expression
   83           | expression • MINUS expression
   84           | expression • MULTI expression
   85           | expression • DIV expression
   86           | expression • AND expression
   87           | expression • OR expression
   88           | expression • EQL expression
   89           | expression • NOT_EQL expression
   90           | expression • GREATER expression
   91           | expression • GREATER_EQL expression
   92           | expression • LESS expression
   93           | expression • LESS_EQL expression
   94           | NOT expression •

    DIV          shift, and go to state 118
    EQL          shift, and go to state 119
    GREATER      shift, and go to state 120
    GREATER_EQL  shift, and go to state 121
    LESS         shift, and go to state 122
    LESS_EQL     shift, and go to state 123
    MINUS        shift, and go to state 124
    NOT_EQL      shift, and go to state 125
    PLUS         shift, and go to state 126
    MULTI        shift, and go to state 127

    $default  reduce using rule 94 (expression)


State 110

   82 expression: expression • PLUS expression
   83           | expression • MINUS expression
   84           | expression • MULTI expression
   85           | expression • DIV expression
   86           | expression • AND expression
   87           | expression • OR expression
   88           | expression • EQL expression
   89           | expression • NOT_EQL expression
   90           | expression • GREATER expression
   91           | expression • GREATER_EQL expression
   92           | expression • LESS expression
   93           | expression • LESS_EQL expression
   95           | MINUS expression •

    DIV          shift, and go to state 118
    EQL          shift, and go to state 119
    GREATER      shift, and go to state 120
    GREATER_EQL  shift, and go to state 121
    LESS         shift, and go to state 122
    LESS_EQL     shift, and go to state 123
    MINUS        shift, and go to state 124
    NOT_EQL      shift, and go to state 125
    PLUS         shift, and go to state 126
    MULTI        shift, and go to state 127

    $default  reduce using rule 95 (expression)


State 111

   82 expression: expression • PLUS expression
   83           | expression • MINUS expression
   84           | expression • MULTI expression
   85           | expression • DIV expression
   86           | expression • AND expression
   87           | expression • OR expression
   88           | expression • EQL expression
   89           | expression • NOT_EQL expression
   90           | expression • GREATER expression
   91           | expression • GREATER_EQL expression
   92           | expression • LESS expression
   93           | expression • LESS_EQL expression
   98           | MULTI expression •

    DIV          shift, and go to state 118
    EQL          shift, and go to state 119
    GREATER      shift, and go to state 120
    GREATER_EQL  shift, and go to state 121
    LESS         shift, and go to state 122
    LESS_EQL     shift, and go to state 123
    MINUS        shift, and go to state 124
    NOT_EQL      shift, and go to state 125
    PLUS         shift, and go to state 126
    MULTI        shift, and go to state 127

    $default  reduce using rule 98 (expression)


State 112

   96 expression: ADDRESS ID •
   97           | ADDRESS ID • OPENBRACKET expression CLOSEBRACKET

    OPENBRACKET  shift, and go to state 145

    $default  reduce using rule 96 (expression)


State 113

   99 expression: LENGTH ID • LENGTH

    LENGTH  shift, and go to state 146


State 114

   82 expression: expression • PLUS expression
   83           | expression • MINUS expression
   84           | expression • MULTI expression
   85           | expression • DIV expression
   86           | expression • AND expression
   87           | expression • OR expression
   88           | expression • EQL expression
   89           | expression • NOT_EQL expression
   90           | expression • GREATER expression
   91           | expression • GREATER_EQL expression
   92           | expression • LESS expression
   93           | expression • LESS_EQL expression
  100           | OPENPAREN expression • CLOSEPAREN

    AND          shift, and go to state 116
    OR           shift, and go to state 117
    DIV          shift, and go to state 118
    EQL          shift, and go to state 119
    GREATER      shift, and go to state 120
    GREATER_EQL  shift, and go to state 121
    LESS         shift, and go to state 122
    LESS_EQL     shift, and go to state 123
    MINUS        shift, and go to state 124
    NOT_EQL      shift, and go to state 125
    PLUS         shift, and go to state 126
    MULTI        shift, and go to state 127
    CLOSEPAREN   shift, and go to state 147


State 115

  102 expression: ID OPENBRACKET • expression CLOSEBRACKET

    NULLL       shift, and go to state 77
    NOT         shift, and go to state 78
    MINUS       shift, and go to state 79
    MULTI       shift, and go to state 80
    ADDRESS     shift, and go to state 81
    LENGTH      shift, and go to state 82
    OPENPAREN   shift, and go to state 83
    B_TRUE      shift, and go to state 84
    B_FALSE     shift, and go to state 85
    CHAR_LIT    shift, and go to state 86
    STRING_LIT  shift, and go to state 87
    DEC_LIT     shift, and go to state 88
    HEX_LIT     shift, and go to state 89
    REAL_LIT    shift, and go to state 90
    ID          shift, and go to state 91

    literal     go to state 92
    expression  go to state 148


State 116

   86 expression: expression AND • expression

    NULLL       shift, and go to state 77
    NOT         shift, and go to state 78
    MINUS       shift, and go to state 79
    MULTI       shift, and go to state 80
    ADDRESS     shift, and go to state 81
    LENGTH      shift, and go to state 82
    OPENPAREN   shift, and go to state 83
    B_TRUE      shift, and go to state 84
    B_FALSE     shift, and go to state 85
    CHAR_LIT    shift, and go to state 86
    STRING_LIT  shift, and go to state 87
    DEC_LIT     shift, and go to state 88
    HEX_LIT     shift, and go to state 89
    REAL_LIT    shift, and go to state 90
    ID          shift, and go to state 91

    literal     go to state 92
    expression  go to state 149


State 117

   87 expression: expression OR • expression

    NULLL       shift, and go to state 77
    NOT         shift, and go to state 78
    MINUS       shift, and go to state 79
    MULTI       shift, and go to state 80
    ADDRESS     shift, and go to state 81
    LENGTH      shift, and go to state 82
    OPENPAREN   shift, and go to state 83
    B_TRUE      shift, and go to state 84
    B_FALSE     shift, and go to state 85
    CHAR_LIT    shift, and go to state 86
    STRING_LIT  shift, and go to state 87
    DEC_LIT     shift, and go to state 88
    HEX_LIT     shift, and go to state 89
    REAL_LIT    shift, and go to state 90
    ID          shift, and go to state 91

    literal     go to state 92
    expression  go to state 150


State 118

   85 expression: expression DIV • expression

    NULLL       shift, and go to state 77
    NOT         shift, and go to state 78
    MINUS       shift, and go to state 79
    MULTI       shift, and go to state 80
    ADDRESS     shift, and go to state 81
    LENGTH      shift, and go to state 82
    OPENPAREN   shift, and go to state 83
    B_TRUE      shift, and go to state 84
    B_FALSE     shift, and go to state 85
    CHAR_LIT    shift, and go to state 86
    STRING_LIT  shift, and go to state 87
    DEC_LIT     shift, and go to state 88
    HEX_LIT     shift, and go to state 89
    REAL_LIT    shift, and go to state 90
    ID          shift, and go to state 91

    literal     go to state 92
    expression  go to state 151


State 119

   88 expression: expression EQL • expression

    NULLL       shift, and go to state 77
    NOT         shift, and go to state 78
    MINUS       shift, and go to state 79
    MULTI       shift, and go to state 80
    ADDRESS     shift, and go to state 81
    LENGTH      shift, and go to state 82
    OPENPAREN   shift, and go to state 83
    B_TRUE      shift, and go to state 84
    B_FALSE     shift, and go to state 85
    CHAR_LIT    shift, and go to state 86
    STRING_LIT  shift, and go to state 87
    DEC_LIT     shift, and go to state 88
    HEX_LIT     shift, and go to state 89
    REAL_LIT    shift, and go to state 90
    ID          shift, and go to state 91

    literal     go to state 92
    expression  go to state 152


State 120

   90 expression: expression GREATER • expression

    NULLL       shift, and go to state 77
    NOT         shift, and go to state 78
    MINUS       shift, and go to state 79
    MULTI       shift, and go to state 80
    ADDRESS     shift, and go to state 81
    LENGTH      shift, and go to state 82
    OPENPAREN   shift, and go to state 83
    B_TRUE      shift, and go to state 84
    B_FALSE     shift, and go to state 85
    CHAR_LIT    shift, and go to state 86
    STRING_LIT  shift, and go to state 87
    DEC_LIT     shift, and go to state 88
    HEX_LIT     shift, and go to state 89
    REAL_LIT    shift, and go to state 90
    ID          shift, and go to state 91

    literal     go to state 92
    expression  go to state 153


State 121

   91 expression: expression GREATER_EQL • expression

    NULLL       shift, and go to state 77
    NOT         shift, and go to state 78
    MINUS       shift, and go to state 79
    MULTI       shift, and go to state 80
    ADDRESS     shift, and go to state 81
    LENGTH      shift, and go to state 82
    OPENPAREN   shift, and go to state 83
    B_TRUE      shift, and go to state 84
    B_FALSE     shift, and go to state 85
    CHAR_LIT    shift, and go to state 86
    STRING_LIT  shift, and go to state 87
    DEC_LIT     shift, and go to state 88
    HEX_LIT     shift, and go to state 89
    REAL_LIT    shift, and go to state 90
    ID          shift, and go to state 91

    literal     go to state 92
    expression  go to state 154


State 122

   92 expression: expression LESS • expression

    NULLL       shift, and go to state 77
    NOT         shift, and go to state 78
    MINUS       shift, and go to state 79
    MULTI       shift, and go to state 80
    ADDRESS     shift, and go to state 81
    LENGTH      shift, and go to state 82
    OPENPAREN   shift, and go to state 83
    B_TRUE      shift, and go to state 84
    B_FALSE     shift, and go to state 85
    CHAR_LIT    shift, and go to state 86
    STRING_LIT  shift, and go to state 87
    DEC_LIT     shift, and go to state 88
    HEX_LIT     shift, and go to state 89
    REAL_LIT    shift, and go to state 90
    ID          shift, and go to state 91

    literal     go to state 92
    expression  go to state 155


State 123

   93 expression: expression LESS_EQL • expression

    NULLL       shift, and go to state 77
    NOT         shift, and go to state 78
    MINUS       shift, and go to state 79
    MULTI       shift, and go to state 80
    ADDRESS     shift, and go to state 81
    LENGTH      shift, and go to state 82
    OPENPAREN   shift, and go to state 83
    B_TRUE      shift, and go to state 84
    B_FALSE     shift, and go to state 85
    CHAR_LIT    shift, and go to state 86
    STRING_LIT  shift, and go to state 87
    DEC_LIT     shift, and go to state 88
    HEX_LIT     shift, and go to state 89
    REAL_LIT    shift, and go to state 90
    ID          shift, and go to state 91

    literal     go to state 92
    expression  go to state 156


State 124

   83 expression: expression MINUS • expression

    NULLL       shift, and go to state 77
    NOT         shift, and go to state 78
    MINUS       shift, and go to state 79
    MULTI       shift, and go to state 80
    ADDRESS     shift, and go to state 81
    LENGTH      shift, and go to state 82
    OPENPAREN   shift, and go to state 83
    B_TRUE      shift, and go to state 84
    B_FALSE     shift, and go to state 85
    CHAR_LIT    shift, and go to state 86
    STRING_LIT  shift, and go to state 87
    DEC_LIT     shift, and go to state 88
    HEX_LIT     shift, and go to state 89
    REAL_LIT    shift, and go to state 90
    ID          shift, and go to state 91

    literal     go to state 92
    expression  go to state 157


State 125

   89 expression: expression NOT_EQL • expression

    NULLL       shift, and go to state 77
    NOT         shift, and go to state 78
    MINUS       shift, and go to state 79
    MULTI       shift, and go to state 80
    ADDRESS     shift, and go to state 81
    LENGTH      shift, and go to state 82
    OPENPAREN   shift, and go to state 83
    B_TRUE      shift, and go to state 84
    B_FALSE     shift, and go to state 85
    CHAR_LIT    shift, and go to state 86
    STRING_LIT  shift, and go to state 87
    DEC_LIT     shift, and go to state 88
    HEX_LIT     shift, and go to state 89
    REAL_LIT    shift, and go to state 90
    ID          shift, and go to state 91

    literal     go to state 92
    expression  go to state 158


State 126

   82 expression: expression PLUS • expression

    NULLL       shift, and go to state 77
    NOT         shift, and go to state 78
    MINUS       shift, and go to state 79
    MULTI       shift, and go to state 80
    ADDRESS     shift, and go to state 81
    LENGTH      shift, and go to state 82
    OPENPAREN   shift, and go to state 83
    B_TRUE      shift, and go to state 84
    B_FALSE     shift, and go to state 85
    CHAR_LIT    shift, and go to state 86
    STRING_LIT  shift, and go to state 87
    DEC_LIT     shift, and go to state 88
    HEX_LIT     shift, and go to state 89
    REAL_LIT    shift, and go to state 90
    ID          shift, and go to state 91

    literal     go to state 92
    expression  go to state 159


State 127

   84 expression: expression MULTI • expression

    NULLL       shift, and go to state 77
    NOT         shift, and go to state 78
    MINUS       shift, and go to state 79
    MULTI       shift, and go to state 80
    ADDRESS     shift, and go to state 81
    LENGTH      shift, and go to state 82
    OPENPAREN   shift, and go to state 83
    B_TRUE      shift, and go to state 84
    B_FALSE     shift, and go to state 85
    CHAR_LIT    shift, and go to state 86
    STRING_LIT  shift, and go to state 87
    DEC_LIT     shift, and go to state 88
    HEX_LIT     shift, and go to state 89
    REAL_LIT    shift, and go to state 90
    ID          shift, and go to state 91

    literal     go to state 92
    expression  go to state 160


State 128

   61 if_stat: IF expression COLON • block_stat
   62        | IF expression COLON • block_stat ELSE COLON block_stat
   63        | IF expression COLON • block_stat ELIF expression COLON block_stat
   64        | IF expression COLON • block_stat ELIF expression COLON block_stat ELSE COLON block_stat

    MULTI  shift, and go to state 60
    ID     shift, and go to state 133

    $default  reduce using rule 70 ($@8)

    block_stat        go to state 161
    $@8               go to state 71
    single_statement  go to state 72
    assignment_stat   go to state 73


State 129

   65 while_stat: WHILE expression COLON • block_stat

    MULTI  shift, and go to state 60
    ID     shift, and go to state 133

    $default  reduce using rule 70 ($@8)

    block_stat        go to state 162
    $@8               go to state 71
    single_statement  go to state 72
    assignment_stat   go to state 73


State 130

   68 for_header: OPENPAREN ID • ASSIGNMENT expression SEMICOLON expression SEMICOLON update_exp CLOSEPAREN

    ASSIGNMENT  shift, and go to state 163


State 131

   67 for_stat: FOR for_header COLON • block_stat

    MULTI  shift, and go to state 60
    ID     shift, and go to state 133

    $default  reduce using rule 70 ($@8)

    block_stat        go to state 164
    $@8               go to state 71
    single_statement  go to state 72
    assignment_stat   go to state 73


State 132

   77 return_stat: RETURN expression SEMICOLON •

    $default  reduce using rule 77 (return_stat)


State 133

   74 assignment_stat: ID • ASSIGNMENT expression SEMICOLON
   76                | ID • OPENBRACKET expression CLOSEBRACKET ASSIGNMENT expression SEMICOLON

    ASSIGNMENT   shift, and go to state 165
    OPENBRACKET  shift, and go to state 103


State 134

   66 do_while_stat: DO COLON block_stat • WHILE expression SEMICOLON

    WHILE  shift, and go to state 166


State 135

   60 call_stat: CALL ID OPENPAREN • expression_list CLOSEPAREN SEMICOLON

    NULLL       shift, and go to state 77
    NOT         shift, and go to state 78
    MINUS       shift, and go to state 79
    MULTI       shift, and go to state 80
    ADDRESS     shift, and go to state 81
    LENGTH      shift, and go to state 82
    OPENPAREN   shift, and go to state 83
    B_TRUE      shift, and go to state 84
    B_FALSE     shift, and go to state 85
    CHAR_LIT    shift, and go to state 86
    STRING_LIT  shift, and go to state 87
    DEC_LIT     shift, and go to state 88
    HEX_LIT     shift, and go to state 89
    REAL_LIT    shift, and go to state 90
    ID          shift, and go to state 91

    $default  reduce using rule 79 (expression_list)

    literal          go to state 92
    expression_list  go to state 167
    expression       go to state 168


State 136

   75 assignment_stat: MULTI ID ASSIGNMENT • expression SEMICOLON

    NULLL       shift, and go to state 77
    NOT         shift, and go to state 78
    MINUS       shift, and go to state 79
    MULTI       shift, and go to state 80
    ADDRESS     shift, and go to state 81
    LENGTH      shift, and go to state 82
    OPENPAREN   shift, and go to state 83
    B_TRUE      shift, and go to state 84
    B_FALSE     shift, and go to state 85
    CHAR_LIT    shift, and go to state 86
    STRING_LIT  shift, and go to state 87
    DEC_LIT     shift, and go to state 88
    HEX_LIT     shift, and go to state 89
    REAL_LIT    shift, and go to state 90
    ID          shift, and go to state 91

    literal     go to state 92
    expression  go to state 169


State 137

   59 call_stat: ID ASSIGNMENT CALL • ID OPENPAREN expression_list CLOSEPAREN SEMICOLON

    ID  shift, and go to state 170


State 138

   74 assignment_stat: ID ASSIGNMENT expression • SEMICOLON
   82 expression: expression • PLUS expression
   83           | expression • MINUS expression
   84           | expression • MULTI expression
   85           | expression • DIV expression
   86           | expression • AND expression
   87           | expression • OR expression
   88           | expression • EQL expression
   89           | expression • NOT_EQL expression
   90           | expression • GREATER expression
   91           | expression • GREATER_EQL expression
   92           | expression • LESS expression
   93           | expression • LESS_EQL expression

    AND          shift, and go to state 116
    OR           shift, and go to state 117
    DIV          shift, and go to state 118
    EQL          shift, and go to state 119
    GREATER      shift, and go to state 120
    GREATER_EQL  shift, and go to state 121
    LESS         shift, and go to state 122
    LESS_EQL     shift, and go to state 123
    MINUS        shift, and go to state 124
    NOT_EQL      shift, and go to state 125
    PLUS         shift, and go to state 126
    MULTI        shift, and go to state 127
    SEMICOLON    shift, and go to state 171


State 139

   76 assignment_stat: ID OPENBRACKET expression • CLOSEBRACKET ASSIGNMENT expression SEMICOLON
   82 expression: expression • PLUS expression
   83           | expression • MINUS expression
   84           | expression • MULTI expression
   85           | expression • DIV expression
   86           | expression • AND expression
   87           | expression • OR expression
   88           | expression • EQL expression
   89           | expression • NOT_EQL expression
   90           | expression • GREATER expression
   91           | expression • GREATER_EQL expression
   92           | expression • LESS expression
   93           | expression • LESS_EQL expression

    AND           shift, and go to state 116
    OR            shift, and go to state 117
    DIV           shift, and go to state 118
    EQL           shift, and go to state 119
    GREATER       shift, and go to state 120
    GREATER_EQL   shift, and go to state 121
    LESS          shift, and go to state 122
    LESS_EQL      shift, and go to state 123
    MINUS         shift, and go to state 124
    NOT_EQL       shift, and go to state 125
    PLUS          shift, and go to state 126
    MULTI         shift, and go to state 127
    CLOSEBRACKET  shift, and go to state 172


State 140

   71 block_stat: $@8 opt_var BEGIN_T • stat_list END

    IF      shift, and go to state 53
    WHILE   shift, and go to state 54
    FOR     shift, and go to state 55
    RETURN  shift, and go to state 56
    DO      shift, and go to state 57
    DEF     shift, and go to state 58
    CALL    shift, and go to state 59
    MULTI   shift, and go to state 60
    ID      shift, and go to state 61

    END       reduce using rule 49 (stat_list)
    $default  reduce using rule 70 ($@8)

    function          go to state 62
    stat_list         go to state 173
    stat              go to state 64
    call_stat         go to state 65
    if_stat           go to state 66
    while_stat        go to state 67
    do_while_stat     go to state 68
    for_stat          go to state 69
    block_stat        go to state 70
    $@8               go to state 71
    single_statement  go to state 72
    assignment_stat   go to state 73
    return_stat       go to state 74


State 141

   12 function: DEF ID OPENPAREN $@3 parameter_list CLOSEPAREN $@4 COLON returns_spec $@5 opt_var BEGIN_T stat_list END •

    $default  reduce using rule 12 (function)


State 142

   37 var_item: ID •
   38         | ID • COLON literal
   39         | ID • OPENBRACKET DEC_LIT CLOSEBRACKET
   40         | ID • OPENBRACKET DEC_LIT CLOSEBRACKET COLON STRING_LIT

    COLON        shift, and go to state 174
    OPENBRACKET  shift, and go to state 175

    $default  reduce using rule 37 (var_item)


State 143

   34 var_decl: TYPE type COLON $@7 var_item_list • SEMICOLON
   36 var_item_list: var_item_list • COMMA var_item

    SEMICOLON  shift, and go to state 176
    COMMA      shift, and go to state 177


State 144

   35 var_item_list: var_item •

    $default  reduce using rule 35 (var_item_list)


State 145

   97 expression: ADDRESS ID OPENBRACKET • expression CLOSEBRACKET

    NULLL       shift, and go to state 77
    NOT         shift, and go to state 78
    MINUS       shift, and go to state 79
    MULTI       shift, and go to state 80
    ADDRESS     shift, and go to state 81
    LENGTH      shift, and go to state 82
    OPENPAREN   shift, and go to state 83
    B_TRUE      shift, and go to state 84
    B_FALSE     shift, and go to state 85
    CHAR_LIT    shift, and go to state 86
    STRING_LIT  shift, and go to state 87
    DEC_LIT     shift, and go to state 88
    HEX_LIT     shift, and go to state 89
    REAL_LIT    shift, and go to state 90
    ID          shift, and go to state 91

    literal     go to state 92
    expression  go to state 178


State 146

   99 expression: LENGTH ID LENGTH •

    $default  reduce using rule 99 (expression)


State 147

  100 expression: OPENPAREN expression CLOSEPAREN •

    $default  reduce using rule 100 (expression)


State 148

   82 expression: expression • PLUS expression
   83           | expression • MINUS expression
   84           | expression • MULTI expression
   85           | expression • DIV expression
   86           | expression • AND expression
   87           | expression • OR expression
   88           | expression • EQL expression
   89           | expression • NOT_EQL expression
   90           | expression • GREATER expression
   91           | expression • GREATER_EQL expression
   92           | expression • LESS expression
   93           | expression • LESS_EQL expression
  102           | ID OPENBRACKET expression • CLOSEBRACKET

    AND           shift, and go to state 116
    OR            shift, and go to state 117
    DIV           shift, and go to state 118
    EQL           shift, and go to state 119
    GREATER       shift, and go to state 120
    GREATER_EQL   shift, and go to state 121
    LESS          shift, and go to state 122
    LESS_EQL      shift, and go to state 123
    MINUS         shift, and go to state 124
    NOT_EQL       shift, and go to state 125
    PLUS          shift, and go to state 126
    MULTI         shift, and go to state 127
    CLOSEBRACKET  shift, and go to state 179


State 149

   82 expression: expression • PLUS expression
   83           | expression • MINUS expression
   84           | expression • MULTI expression
   85           | expression • DIV expression
   86           | expression • AND expression
   86           | expression AND expression •
   87           | expression • OR expression
   88           | expression • EQL expression
   89           | expression • NOT_EQL expression
   90           | expression • GREATER expression
   91           | expression • GREATER_EQL expression
   92           | expression • LESS expression
   93           | expression • LESS_EQL expression

    DIV          shift, and go to state 118
    EQL          shift, and go to state 119
    GREATER      shift, and go to state 120
    GREATER_EQL  shift, and go to state 121
    LESS         shift, and go to state 122
    LESS_EQL     shift, and go to state 123
    MINUS        shift, and go to state 124
    NOT_EQL      shift, and go to state 125
    PLUS         shift, and go to state 126
    MULTI        shift, and go to state 127

    $default  reduce using rule 86 (expression)


State 150

   82 expression: expression • PLUS expression
   83           | expression • MINUS expression
   84           | expression • MULTI expression
   85           | expression • DIV expression
   86           | expression • AND expression
   87           | expression • OR expression
   87           | expression OR expression •
   88           | expression • EQL expression
   89           | expression • NOT_EQL expression
   90           | expression • GREATER expression
   91           | expression • GREATER_EQL expression
   92           | expression • LESS expression
   93           | expression • LESS_EQL expression

    AND          shift, and go to state 116
    DIV          shift, and go to state 118
    EQL          shift, and go to state 119
    GREATER      shift, and go to state 120
    GREATER_EQL  shift, and go to state 121
    LESS         shift, and go to state 122
    LESS_EQL     shift, and go to state 123
    MINUS        shift, and go to state 124
    NOT_EQL      shift, and go to state 125
    PLUS         shift, and go to state 126
    MULTI        shift, and go to state 127

    $default  reduce using rule 87 (expression)


State 151

   82 expression: expression • PLUS expression
   83           | expression • MINUS expression
   84           | expression • MULTI expression
   85           | expression • DIV expression
   85           | expression DIV expression •
   86           | expression • AND expression
   87           | expression • OR expression
   88           | expression • EQL expression
   89           | expression • NOT_EQL expression
   90           | expression • GREATER expression
   91           | expression • GREATER_EQL expression
   92           | expression • LESS expression
   93           | expression • LESS_EQL expression

    $default  reduce using rule 85 (expression)


State 152

   82 expression: expression • PLUS expression
   83           | expression • MINUS expression
   84           | expression • MULTI expression
   85           | expression • DIV expression
   86           | expression • AND expression
   87           | expression • OR expression
   88           | expression • EQL expression
   88           | expression EQL expression •
   89           | expression • NOT_EQL expression
   90           | expression • GREATER expression
   91           | expression • GREATER_EQL expression
   92           | expression • LESS expression
   93           | expression • LESS_EQL expression

    DIV          shift, and go to state 118
    GREATER      shift, and go to state 120
    GREATER_EQL  shift, and go to state 121
    LESS         shift, and go to state 122
    LESS_EQL     shift, and go to state 123
    MINUS        shift, and go to state 124
    PLUS         shift, and go to state 126
    MULTI        shift, and go to state 127

    EQL      error (nonassociative)
    NOT_EQL  error (nonassociative)

    $default  reduce using rule 88 (expression)


State 153

   82 expression: expression • PLUS expression
   83           | expression • MINUS expression
   84           | expression • MULTI expression
   85           | expression • DIV expression
   86           | expression • AND expression
   87           | expression • OR expression
   88           | expression • EQL expression
   89           | expression • NOT_EQL expression
   90           | expression • GREATER expression
   90           | expression GREATER expression •
   91           | expression • GREATER_EQL expression
   92           | expression • LESS expression
   93           | expression • LESS_EQL expression

    DIV    shift, and go to state 118
    MINUS  shift, and go to state 124
    PLUS   shift, and go to state 126
    MULTI  shift, and go to state 127

    GREATER      error (nonassociative)
    GREATER_EQL  error (nonassociative)
    LESS         error (nonassociative)
    LESS_EQL     error (nonassociative)

    $default  reduce using rule 90 (expression)


State 154

   82 expression: expression • PLUS expression
   83           | expression • MINUS expression
   84           | expression • MULTI expression
   85           | expression • DIV expression
   86           | expression • AND expression
   87           | expression • OR expression
   88           | expression • EQL expression
   89           | expression • NOT_EQL expression
   90           | expression • GREATER expression
   91           | expression • GREATER_EQL expression
   91           | expression GREATER_EQL expression •
   92           | expression • LESS expression
   93           | expression • LESS_EQL expression

    DIV    shift, and go to state 118
    MINUS  shift, and go to state 124
    PLUS   shift, and go to state 126
    MULTI  shift, and go to state 127

    GREATER      error (nonassociative)
    GREATER_EQL  error (nonassociative)
    LESS         error (nonassociative)
    LESS_EQL     error (nonassociative)

    $default  reduce using rule 91 (expression)


State 155

   82 expression: expression • PLUS expression
   83           | expression • MINUS expression
   84           | expression • MULTI expression
   85           | expression • DIV expression
   86           | expression • AND expression
   87           | expression • OR expression
   88           | expression • EQL expression
   89           | expression • NOT_EQL expression
   90           | expression • GREATER expression
   91           | expression • GREATER_EQL expression
   92           | expression • LESS expression
   92           | expression LESS expression •
   93           | expression • LESS_EQL expression

    DIV    shift, and go to state 118
    MINUS  shift, and go to state 124
    PLUS   shift, and go to state 126
    MULTI  shift, and go to state 127

    GREATER      error (nonassociative)
    GREATER_EQL  error (nonassociative)
    LESS         error (nonassociative)
    LESS_EQL     error (nonassociative)

    $default  reduce using rule 92 (expression)


State 156

   82 expression: expression • PLUS expression
   83           | expression • MINUS expression
   84           | expression • MULTI expression
   85           | expression • DIV expression
   86           | expression • AND expression
   87           | expression • OR expression
   88           | expression • EQL expression
   89           | expression • NOT_EQL expression
   90           | expression • GREATER expression
   91           | expression • GREATER_EQL expression
   92           | expression • LESS expression
   93           | expression • LESS_EQL expression
   93           | expression LESS_EQL expression •

    DIV    shift, and go to state 118
    MINUS  shift, and go to state 124
    PLUS   shift, and go to state 126
    MULTI  shift, and go to state 127

    GREATER      error (nonassociative)
    GREATER_EQL  error (nonassociative)
    LESS         error (nonassociative)
    LESS_EQL     error (nonassociative)

    $default  reduce using rule 93 (expression)


State 157

   82 expression: expression • PLUS expression
   83           | expression • MINUS expression
   83           | expression MINUS expression •
   84           | expression • MULTI expression
   85           | expression • DIV expression
   86           | expression • AND expression
   87           | expression • OR expression
   88           | expression • EQL expression
   89           | expression • NOT_EQL expression
   90           | expression • GREATER expression
   91           | expression • GREATER_EQL expression
   92           | expression • LESS expression
   93           | expression • LESS_EQL expression

    DIV    shift, and go to state 118
    MULTI  shift, and go to state 127

    $default  reduce using rule 83 (expression)


State 158

   82 expression: expression • PLUS expression
   83           | expression • MINUS expression
   84           | expression • MULTI expression
   85           | expression • DIV expression
   86           | expression • AND expression
   87           | expression • OR expression
   88           | expression • EQL expression
   89           | expression • NOT_EQL expression
   89           | expression NOT_EQL expression •
   90           | expression • GREATER expression
   91           | expression • GREATER_EQL expression
   92           | expression • LESS expression
   93           | expression • LESS_EQL expression

    DIV          shift, and go to state 118
    GREATER      shift, and go to state 120
    GREATER_EQL  shift, and go to state 121
    LESS         shift, and go to state 122
    LESS_EQL     shift, and go to state 123
    MINUS        shift, and go to state 124
    PLUS         shift, and go to state 126
    MULTI        shift, and go to state 127

    EQL      error (nonassociative)
    NOT_EQL  error (nonassociative)

    $default  reduce using rule 89 (expression)


State 159

   82 expression: expression • PLUS expression
   82           | expression PLUS expression •
   83           | expression • MINUS expression
   84           | expression • MULTI expression
   85           | expression • DIV expression
   86           | expression • AND expression
   87           | expression • OR expression
   88           | expression • EQL expression
   89           | expression • NOT_EQL expression
   90           | expression • GREATER expression
   91           | expression • GREATER_EQL expression
   92           | expression • LESS expression
   93           | expression • LESS_EQL expression

    DIV    shift, and go to state 118
    MULTI  shift, and go to state 127

    $default  reduce using rule 82 (expression)


State 160

   82 expression: expression • PLUS expression
   83           | expression • MINUS expression
   84           | expression • MULTI expression
   84           | expression MULTI expression •
   85           | expression • DIV expression
   86           | expression • AND expression
   87           | expression • OR expression
   88           | expression • EQL expression
   89           | expression • NOT_EQL expression
   90           | expression • GREATER expression
   91           | expression • GREATER_EQL expression
   92           | expression • LESS expression
   93           | expression • LESS_EQL expression

    $default  reduce using rule 84 (expression)


State 161

   61 if_stat: IF expression COLON block_stat •
   62        | IF expression COLON block_stat • ELSE COLON block_stat
   63        | IF expression COLON block_stat • ELIF expression COLON block_stat
   64        | IF expression COLON block_stat • ELIF expression COLON block_stat ELSE COLON block_stat

    ELIF  shift, and go to state 180
    ELSE  shift, and go to state 181

    $default  reduce using rule 61 (if_stat)


State 162

   65 while_stat: WHILE expression COLON block_stat •

    $default  reduce using rule 65 (while_stat)


State 163

   68 for_header: OPENPAREN ID ASSIGNMENT • expression SEMICOLON expression SEMICOLON update_exp CLOSEPAREN

    NULLL       shift, and go to state 77
    NOT         shift, and go to state 78
    MINUS       shift, and go to state 79
    MULTI       shift, and go to state 80
    ADDRESS     shift, and go to state 81
    LENGTH      shift, and go to state 82
    OPENPAREN   shift, and go to state 83
    B_TRUE      shift, and go to state 84
    B_FALSE     shift, and go to state 85
    CHAR_LIT    shift, and go to state 86
    STRING_LIT  shift, and go to state 87
    DEC_LIT     shift, and go to state 88
    HEX_LIT     shift, and go to state 89
    REAL_LIT    shift, and go to state 90
    ID          shift, and go to state 91

    literal     go to state 92
    expression  go to state 182


State 164

   67 for_stat: FOR for_header COLON block_stat •

    $default  reduce using rule 67 (for_stat)


State 165

   74 assignment_stat: ID ASSIGNMENT • expression SEMICOLON

    NULLL       shift, and go to state 77
    NOT         shift, and go to state 78
    MINUS       shift, and go to state 79
    MULTI       shift, and go to state 80
    ADDRESS     shift, and go to state 81
    LENGTH      shift, and go to state 82
    OPENPAREN   shift, and go to state 83
    B_TRUE      shift, and go to state 84
    B_FALSE     shift, and go to state 85
    CHAR_LIT    shift, and go to state 86
    STRING_LIT  shift, and go to state 87
    DEC_LIT     shift, and go to state 88
    HEX_LIT     shift, and go to state 89
    REAL_LIT    shift, and go to state 90
    ID          shift, and go to state 91

    literal     go to state 92
    expression  go to state 138


State 166

   66 do_while_stat: DO COLON block_stat WHILE • expression SEMICOLON

    NULLL       shift, and go to state 77
    NOT         shift, and go to state 78
    MINUS       shift, and go to state 79
    MULTI       shift, and go to state 80
    ADDRESS     shift, and go to state 81
    LENGTH      shift, and go to state 82
    OPENPAREN   shift, and go to state 83
    B_TRUE      shift, and go to state 84
    B_FALSE     shift, and go to state 85
    CHAR_LIT    shift, and go to state 86
    STRING_LIT  shift, and go to state 87
    DEC_LIT     shift, and go to state 88
    HEX_LIT     shift, and go to state 89
    REAL_LIT    shift, and go to state 90
    ID          shift, and go to state 91

    literal     go to state 92
    expression  go to state 183


State 167

   60 call_stat: CALL ID OPENPAREN expression_list • CLOSEPAREN SEMICOLON

    CLOSEPAREN  shift, and go to state 184


State 168

   80 expression_list: expression •
   81                | expression • COMMA expression_list
   82 expression: expression • PLUS expression
   83           | expression • MINUS expression
   84           | expression • MULTI expression
   85           | expression • DIV expression
   86           | expression • AND expression
   87           | expression • OR expression
   88           | expression • EQL expression
   89           | expression • NOT_EQL expression
   90           | expression • GREATER expression
   91           | expression • GREATER_EQL expression
   92           | expression • LESS expression
   93           | expression • LESS_EQL expression

    AND          shift, and go to state 116
    OR           shift, and go to state 117
    DIV          shift, and go to state 118
    EQL          shift, and go to state 119
    GREATER      shift, and go to state 120
    GREATER_EQL  shift, and go to state 121
    LESS         shift, and go to state 122
    LESS_EQL     shift, and go to state 123
    MINUS        shift, and go to state 124
    NOT_EQL      shift, and go to state 125
    PLUS         shift, and go to state 126
    MULTI        shift, and go to state 127
    COMMA        shift, and go to state 185

    $default  reduce using rule 80 (expression_list)


State 169

   75 assignment_stat: MULTI ID ASSIGNMENT expression • SEMICOLON
   82 expression: expression • PLUS expression
   83           | expression • MINUS expression
   84           | expression • MULTI expression
   85           | expression • DIV expression
   86           | expression • AND expression
   87           | expression • OR expression
   88           | expression • EQL expression
   89           | expression • NOT_EQL expression
   90           | expression • GREATER expression
   91           | expression • GREATER_EQL expression
   92           | expression • LESS expression
   93           | expression • LESS_EQL expression

    AND          shift, and go to state 116
    OR           shift, and go to state 117
    DIV          shift, and go to state 118
    EQL          shift, and go to state 119
    GREATER      shift, and go to state 120
    GREATER_EQL  shift, and go to state 121
    LESS         shift, and go to state 122
    LESS_EQL     shift, and go to state 123
    MINUS        shift, and go to state 124
    NOT_EQL      shift, and go to state 125
    PLUS         shift, and go to state 126
    MULTI        shift, and go to state 127
    SEMICOLON    shift, and go to state 186


State 170

   59 call_stat: ID ASSIGNMENT CALL ID • OPENPAREN expression_list CLOSEPAREN SEMICOLON

    OPENPAREN  shift, and go to state 187


State 171

   74 assignment_stat: ID ASSIGNMENT expression SEMICOLON •

    $default  reduce using rule 74 (assignment_stat)


State 172

   76 assignment_stat: ID OPENBRACKET expression CLOSEBRACKET • ASSIGNMENT expression SEMICOLON

    ASSIGNMENT  shift, and go to state 188


State 173

   71 block_stat: $@8 opt_var BEGIN_T stat_list • END

    END  shift, and go to state 189


State 174

   38 var_item: ID COLON • literal

    NULLL       shift, and go to state 77
    B_TRUE      shift, and go to state 84
    B_FALSE     shift, and go to state 85
    CHAR_LIT    shift, and go to state 86
    STRING_LIT  shift, and go to state 87
    DEC_LIT     shift, and go to state 88
    HEX_LIT     shift, and go to state 89
    REAL_LIT    shift, and go to state 90

    literal  go to state 190


State 175

   39 var_item: ID OPENBRACKET • DEC_LIT CLOSEBRACKET
   40         | ID OPENBRACKET • DEC_LIT CLOSEBRACKET COLON STRING_LIT

    DEC_LIT  shift, and go to state 191


State 176

   34 var_decl: TYPE type COLON $@7 var_item_list SEMICOLON •

    $default  reduce using rule 34 (var_decl)


State 177

   36 var_item_list: var_item_list COMMA • var_item

    ID  shift, and go to state 142

    var_item  go to state 192


State 178

   82 expression: expression • PLUS expression
   83           | expression • MINUS expression
   84           | expression • MULTI expression
   85           | expression • DIV expression
   86           | expression • AND expression
   87           | expression • OR expression
   88           | expression • EQL expression
   89           | expression • NOT_EQL expression
   90           | expression • GREATER expression
   91           | expression • GREATER_EQL expression
   92           | expression • LESS expression
   93           | expression • LESS_EQL expression
   97           | ADDRESS ID OPENBRACKET expression • CLOSEBRACKET

    AND           shift, and go to state 116
    OR            shift, and go to state 117
    DIV           shift, and go to state 118
    EQL           shift, and go to state 119
    GREATER       shift, and go to state 120
    GREATER_EQL   shift, and go to state 121
    LESS          shift, and go to state 122
    LESS_EQL      shift, and go to state 123
    MINUS         shift, and go to state 124
    NOT_EQL       shift, and go to state 125
    PLUS          shift, and go to state 126
    MULTI         shift, and go to state 127
    CLOSEBRACKET  shift, and go to state 193


State 179

  102 expression: ID OPENBRACKET expression CLOSEBRACKET •

    $default  reduce using rule 102 (expression)


State 180

   63 if_stat: IF expression COLON block_stat ELIF • expression COLON block_stat
   64        | IF expression COLON block_stat ELIF • expression COLON block_stat ELSE COLON block_stat

    NULLL       shift, and go to state 77
    NOT         shift, and go to state 78
    MINUS       shift, and go to state 79
    MULTI       shift, and go to state 80
    ADDRESS     shift, and go to state 81
    LENGTH      shift, and go to state 82
    OPENPAREN   shift, and go to state 83
    B_TRUE      shift, and go to state 84
    B_FALSE     shift, and go to state 85
    CHAR_LIT    shift, and go to state 86
    STRING_LIT  shift, and go to state 87
    DEC_LIT     shift, and go to state 88
    HEX_LIT     shift, and go to state 89
    REAL_LIT    shift, and go to state 90
    ID          shift, and go to state 91

    literal     go to state 92
    expression  go to state 194


State 181

   62 if_stat: IF expression COLON block_stat ELSE • COLON block_stat

    COLON  shift, and go to state 195


State 182

   68 for_header: OPENPAREN ID ASSIGNMENT expression • SEMICOLON expression SEMICOLON update_exp CLOSEPAREN
   82 expression: expression • PLUS expression
   83           | expression • MINUS expression
   84           | expression • MULTI expression
   85           | expression • DIV expression
   86           | expression • AND expression
   87           | expression • OR expression
   88           | expression • EQL expression
   89           | expression • NOT_EQL expression
   90           | expression • GREATER expression
   91           | expression • GREATER_EQL expression
   92           | expression • LESS expression
   93           | expression • LESS_EQL expression

    AND          shift, and go to state 116
    OR           shift, and go to state 117
    DIV          shift, and go to state 118
    EQL          shift, and go to state 119
    GREATER      shift, and go to state 120
    GREATER_EQL  shift, and go to state 121
    LESS         shift, and go to state 122
    LESS_EQL     shift, and go to state 123
    MINUS        shift, and go to state 124
    NOT_EQL      shift, and go to state 125
    PLUS         shift, and go to state 126
    MULTI        shift, and go to state 127
    SEMICOLON    shift, and go to state 196


State 183

   66 do_while_stat: DO COLON block_stat WHILE expression • SEMICOLON
   82 expression: expression • PLUS expression
   83           | expression • MINUS expression
   84           | expression • MULTI expression
   85           | expression • DIV expression
   86           | expression • AND expression
   87           | expression • OR expression
   88           | expression • EQL expression
   89           | expression • NOT_EQL expression
   90           | expression • GREATER expression
   91           | expression • GREATER_EQL expression
   92           | expression • LESS expression
   93           | expression • LESS_EQL expression

    AND          shift, and go to state 116
    OR           shift, and go to state 117
    DIV          shift, and go to state 118
    EQL          shift, and go to state 119
    GREATER      shift, and go to state 120
    GREATER_EQL  shift, and go to state 121
    LESS         shift, and go to state 122
    LESS_EQL     shift, and go to state 123
    MINUS        shift, and go to state 124
    NOT_EQL      shift, and go to state 125
    PLUS         shift, and go to state 126
    MULTI        shift, and go to state 127
    SEMICOLON    shift, and go to state 197


State 184

   60 call_stat: CALL ID OPENPAREN expression_list CLOSEPAREN • SEMICOLON

    SEMICOLON  shift, and go to state 198


State 185

   81 expression_list: expression COMMA • expression_list

    NULLL       shift, and go to state 77
    NOT         shift, and go to state 78
    MINUS       shift, and go to state 79
    MULTI       shift, and go to state 80
    ADDRESS     shift, and go to state 81
    LENGTH      shift, and go to state 82
    OPENPAREN   shift, and go to state 83
    B_TRUE      shift, and go to state 84
    B_FALSE     shift, and go to state 85
    CHAR_LIT    shift, and go to state 86
    STRING_LIT  shift, and go to state 87
    DEC_LIT     shift, and go to state 88
    HEX_LIT     shift, and go to state 89
    REAL_LIT    shift, and go to state 90
    ID          shift, and go to state 91

    $default  reduce using rule 79 (expression_list)

    literal          go to state 92
    expression_list  go to state 199
    expression       go to state 168


State 186

   75 assignment_stat: MULTI ID ASSIGNMENT expression SEMICOLON •

    $default  reduce using rule 75 (assignment_stat)


State 187

   59 call_stat: ID ASSIGNMENT CALL ID OPENPAREN • expression_list CLOSEPAREN SEMICOLON

    NULLL       shift, and go to state 77
    NOT         shift, and go to state 78
    MINUS       shift, and go to state 79
    MULTI       shift, and go to state 80
    ADDRESS     shift, and go to state 81
    LENGTH      shift, and go to state 82
    OPENPAREN   shift, and go to state 83
    B_TRUE      shift, and go to state 84
    B_FALSE     shift, and go to state 85
    CHAR_LIT    shift, and go to state 86
    STRING_LIT  shift, and go to state 87
    DEC_LIT     shift, and go to state 88
    HEX_LIT     shift, and go to state 89
    REAL_LIT    shift, and go to state 90
    ID          shift, and go to state 91

    $default  reduce using rule 79 (expression_list)

    literal          go to state 92
    expression_list  go to state 200
    expression       go to state 168


State 188

   76 assignment_stat: ID OPENBRACKET expression CLOSEBRACKET ASSIGNMENT • expression SEMICOLON

    NULLL       shift, and go to state 77
    NOT         shift, and go to state 78
    MINUS       shift, and go to state 79
    MULTI       shift, and go to state 80
    ADDRESS     shift, and go to state 81
    LENGTH      shift, and go to state 82
    OPENPAREN   shift, and go to state 83
    B_TRUE      shift, and go to state 84
    B_FALSE     shift, and go to state 85
    CHAR_LIT    shift, and go to state 86
    STRING_LIT  shift, and go to state 87
    DEC_LIT     shift, and go to state 88
    HEX_LIT     shift, and go to state 89
    REAL_LIT    shift, and go to state 90
    ID          shift, and go to state 91

    literal     go to state 92
    expression  go to state 201


State 189

   71 block_stat: $@8 opt_var BEGIN_T stat_list END •

    $default  reduce using rule 71 (block_stat)


State 190

   38 var_item: ID COLON literal •

    $default  reduce using rule 38 (var_item)


State 191

   39 var_item: ID OPENBRACKET DEC_LIT • CLOSEBRACKET
   40         | ID OPENBRACKET DEC_LIT • CLOSEBRACKET COLON STRING_LIT

    CLOSEBRACKET  shift, and go to state 202


State 192

   36 var_item_list: var_item_list COMMA var_item •

    $default  reduce using rule 36 (var_item_list)


State 193

   97 expression: ADDRESS ID OPENBRACKET expression CLOSEBRACKET •

    $default  reduce using rule 97 (expression)


State 194

   63 if_stat: IF expression COLON block_stat ELIF expression • COLON block_stat
   64        | IF expression COLON block_stat ELIF expression • COLON block_stat ELSE COLON block_stat
   82 expression: expression • PLUS expression
   83           | expression • MINUS expression
   84           | expression • MULTI expression
   85           | expression • DIV expression
   86           | expression • AND expression
   87           | expression • OR expression
   88           | expression • EQL expression
   89           | expression • NOT_EQL expression
   90           | expression • GREATER expression
   91           | expression • GREATER_EQL expression
   92           | expression • LESS expression
   93           | expression • LESS_EQL expression

    AND          shift, and go to state 116
    OR           shift, and go to state 117
    DIV          shift, and go to state 118
    EQL          shift, and go to state 119
    GREATER      shift, and go to state 120
    GREATER_EQL  shift, and go to state 121
    LESS         shift, and go to state 122
    LESS_EQL     shift, and go to state 123
    MINUS        shift, and go to state 124
    NOT_EQL      shift, and go to state 125
    PLUS         shift, and go to state 126
    MULTI        shift, and go to state 127
    COLON        shift, and go to state 203


State 195

   62 if_stat: IF expression COLON block_stat ELSE COLON • block_stat

    MULTI  shift, and go to state 60
    ID     shift, and go to state 133

    $default  reduce using rule 70 ($@8)

    block_stat        go to state 204
    $@8               go to state 71
    single_statement  go to state 72
    assignment_stat   go to state 73


State 196

   68 for_header: OPENPAREN ID ASSIGNMENT expression SEMICOLON • expression SEMICOLON update_exp CLOSEPAREN

    NULLL       shift, and go to state 77
    NOT         shift, and go to state 78
    MINUS       shift, and go to state 79
    MULTI       shift, and go to state 80
    ADDRESS     shift, and go to state 81
    LENGTH      shift, and go to state 82
    OPENPAREN   shift, and go to state 83
    B_TRUE      shift, and go to state 84
    B_FALSE     shift, and go to state 85
    CHAR_LIT    shift, and go to state 86
    STRING_LIT  shift, and go to state 87
    DEC_LIT     shift, and go to state 88
    HEX_LIT     shift, and go to state 89
    REAL_LIT    shift, and go to state 90
    ID          shift, and go to state 91

    literal     go to state 92
    expression  go to state 205


State 197

   66 do_while_stat: DO COLON block_stat WHILE expression SEMICOLON •

    $default  reduce using rule 66 (do_while_stat)


State 198

   60 call_stat: CALL ID OPENPAREN expression_list CLOSEPAREN SEMICOLON •

    $default  reduce using rule 60 (call_stat)


State 199

   81 expression_list: expression COMMA expression_list •

    $default  reduce using rule 81 (expression_list)


State 200

   59 call_stat: ID ASSIGNMENT CALL ID OPENPAREN expression_list • CLOSEPAREN SEMICOLON

    CLOSEPAREN  shift, and go to state 206


State 201

   76 assignment_stat: ID OPENBRACKET expression CLOSEBRACKET ASSIGNMENT expression • SEMICOLON
   82 expression: expression • PLUS expression
   83           | expression • MINUS expression
   84           | expression • MULTI expression
   85           | expression • DIV expression
   86           | expression • AND expression
   87           | expression • OR expression
   88           | expression • EQL expression
   89           | expression • NOT_EQL expression
   90           | expression • GREATER expression
   91           | expression • GREATER_EQL expression
   92           | expression • LESS expression
   93           | expression • LESS_EQL expression

    AND          shift, and go to state 116
    OR           shift, and go to state 117
    DIV          shift, and go to state 118
    EQL          shift, and go to state 119
    GREATER      shift, and go to state 120
    GREATER_EQL  shift, and go to state 121
    LESS         shift, and go to state 122
    LESS_EQL     shift, and go to state 123
    MINUS        shift, and go to state 124
    NOT_EQL      shift, and go to state 125
    PLUS         shift, and go to state 126
    MULTI        shift, and go to state 127
    SEMICOLON    shift, and go to state 207


State 202

   39 var_item: ID OPENBRACKET DEC_LIT CLOSEBRACKET •
   40         | ID OPENBRACKET DEC_LIT CLOSEBRACKET • COLON STRING_LIT

    COLON  shift, and go to state 208

    $default  reduce using rule 39 (var_item)


State 203

   63 if_stat: IF expression COLON block_stat ELIF expression COLON • block_stat
   64        | IF expression COLON block_stat ELIF expression COLON • block_stat ELSE COLON block_stat

    MULTI  shift, and go to state 60
    ID     shift, and go to state 133

    $default  reduce using rule 70 ($@8)

    block_stat        go to state 209
    $@8               go to state 71
    single_statement  go to state 72
    assignment_stat   go to state 73


State 204

   62 if_stat: IF expression COLON block_stat ELSE COLON block_stat •

    $default  reduce using rule 62 (if_stat)


State 205

   68 for_header: OPENPAREN ID ASSIGNMENT expression SEMICOLON expression • SEMICOLON update_exp CLOSEPAREN
   82 expression: expression • PLUS expression
   83           | expression • MINUS expression
   84           | expression • MULTI expression
   85           | expression • DIV expression
   86           | expression • AND expression
   87           | expression • OR expression
   88           | expression • EQL expression
   89           | expression • NOT_EQL expression
   90           | expression • GREATER expression
   91           | expression • GREATER_EQL expression
   92           | expression • LESS expression
   93           | expression • LESS_EQL expression

    AND          shift, and go to state 116
    OR           shift, and go to state 117
    DIV          shift, and go to state 118
    EQL          shift, and go to state 119
    GREATER      shift, and go to state 120
    GREATER_EQL  shift, and go to state 121
    LESS         shift, and go to state 122
    LESS_EQL     shift, and go to state 123
    MINUS        shift, and go to state 124
    NOT_EQL      shift, and go to state 125
    PLUS         shift, and go to state 126
    MULTI        shift, and go to state 127
    SEMICOLON    shift, and go to state 210


State 206

   59 call_stat: ID ASSIGNMENT CALL ID OPENPAREN expression_list CLOSEPAREN • SEMICOLON

    SEMICOLON  shift, and go to state 211


State 207

   76 assignment_stat: ID OPENBRACKET expression CLOSEBRACKET ASSIGNMENT expression SEMICOLON •

    $default  reduce using rule 76 (assignment_stat)


State 208

   40 var_item: ID OPENBRACKET DEC_LIT CLOSEBRACKET COLON • STRING_LIT

    STRING_LIT  shift, and go to state 212


State 209

   63 if_stat: IF expression COLON block_stat ELIF expression COLON block_stat •
   64        | IF expression COLON block_stat ELIF expression COLON block_stat • ELSE COLON block_stat

    ELSE  shift, and go to state 213

    $default  reduce using rule 63 (if_stat)


State 210

   68 for_header: OPENPAREN ID ASSIGNMENT expression SEMICOLON expression SEMICOLON • update_exp CLOSEPAREN

    ID  shift, and go to state 214

    update_exp  go to state 215


State 211

   59 call_stat: ID ASSIGNMENT CALL ID OPENPAREN expression_list CLOSEPAREN SEMICOLON •

    $default  reduce using rule 59 (call_stat)


State 212

   40 var_item: ID OPENBRACKET DEC_LIT CLOSEBRACKET COLON STRING_LIT •

    $default  reduce using rule 40 (var_item)


State 213

   64 if_stat: IF expression COLON block_stat ELIF expression COLON block_stat ELSE • COLON block_stat

    COLON  shift, and go to state 216


State 214

   69 update_exp: ID • ASSIGNMENT expression

    ASSIGNMENT  shift, and go to state 217


State 215

   68 for_header: OPENPAREN ID ASSIGNMENT expression SEMICOLON expression SEMICOLON update_exp • CLOSEPAREN

    CLOSEPAREN  shift, and go to state 218


State 216

   64 if_stat: IF expression COLON block_stat ELIF expression COLON block_stat ELSE COLON • block_stat

    MULTI  shift, and go to state 60
    ID     shift, and go to state 133

    $default  reduce using rule 70 ($@8)

    block_stat        go to state 219
    $@8               go to state 71
    single_statement  go to state 72
    assignment_stat   go to state 73


State 217

   69 update_exp: ID ASSIGNMENT • expression

    NULLL       shift, and go to state 77
    NOT         shift, and go to state 78
    MINUS       shift, and go to state 79
    MULTI       shift, and go to state 80
    ADDRESS     shift, and go to state 81
    LENGTH      shift, and go to state 82
    OPENPAREN   shift, and go to state 83
    B_TRUE      shift, and go to state 84
    B_FALSE     shift, and go to state 85
    CHAR_LIT    shift, and go to state 86
    STRING_LIT  shift, and go to state 87
    DEC_LIT     shift, and go to state 88
    HEX_LIT     shift, and go to state 89
    REAL_LIT    shift, and go to state 90
    ID          shift, and go to state 91

    literal     go to state 92
    expression  go to state 220


State 218

   68 for_header: OPENPAREN ID ASSIGNMENT expression SEMICOLON expression SEMICOLON update_exp CLOSEPAREN •

    $default  reduce using rule 68 (for_header)


State 219

   64 if_stat: IF expression COLON block_stat ELIF expression COLON block_stat ELSE COLON block_stat •

    $default  reduce using rule 64 (if_stat)


State 220

   69 update_exp: ID ASSIGNMENT expression •
   82 expression: expression • PLUS expression
   83           | expression • MINUS expression
   84           | expression • MULTI expression
   85           | expression • DIV expression
   86           | expression • AND expression
   87           | expression • OR expression
   88           | expression • EQL expression
   89           | expression • NOT_EQL expression
   90           | expression • GREATER expression
   91           | expression • GREATER_EQL expression
   92           | expression • LESS expression
   93           | expression • LESS_EQL expression

    AND          shift, and go to state 116
    OR           shift, and go to state 117
    DIV          shift, and go to state 118
    EQL          shift, and go to state 119
    GREATER      shift, and go to state 120
    GREATER_EQL  shift, and go to state 121
    LESS         shift, and go to state 122
    LESS_EQL     shift, and go to state 123
    MINUS        shift, and go to state 124
    NOT_EQL      shift, and go to state 125
    PLUS         shift, and go to state 126
    MULTI        shift, and go to state 127

    $default  reduce using rule 69 (update_exp)
